<?xml version="1.0" encoding="UTF-8"?>
<!-- Generated by org.testng.reporters.JUnitXMLReporter -->
<testsuite ignored="1" hostname="DESKTOP-DNP7UUA" failures="0" tests="1" name="Default test" time="13.747" errors="0" timestamp="2022-11-29T18:18:31 IST">
  <testcase classname="com.Testpages.AppointmentpriorityTest" name="verifyformdetails" time="9.335"/>
  <testcase classname="com.Testpages.AppointmentpriorityTest" name="verifysearchfunction" time="0.0">
    <ignored/>
  </testcase> <!-- verifysearchfunction -->
</testsuite> <!-- Default test -->
